mode: set
github.com/a1exfox/bookings/internal/render/render.go:22.40,24.2 1 1
github.com/a1exfox/bookings/internal/render/render.go:26.84,32.2 5 1
github.com/a1exfox/bookings/internal/render/render.go:34.105,37.18 2 1
github.com/a1exfox/bookings/internal/render/render.go:37.18,39.3 1 0
github.com/a1exfox/bookings/internal/render/render.go:39.8,41.3 1 1
github.com/a1exfox/bookings/internal/render/render.go:43.2,44.9 2 1
github.com/a1exfox/bookings/internal/render/render.go:44.9,46.3 1 1
github.com/a1exfox/bookings/internal/render/render.go:48.2,53.16 4 1
github.com/a1exfox/bookings/internal/render/render.go:53.16,55.3 1 0
github.com/a1exfox/bookings/internal/render/render.go:57.2,58.16 2 1
github.com/a1exfox/bookings/internal/render/render.go:58.16,61.3 2 0
github.com/a1exfox/bookings/internal/render/render.go:62.2,62.12 1 1
github.com/a1exfox/bookings/internal/render/render.go:65.67,69.16 3 1
github.com/a1exfox/bookings/internal/render/render.go:69.16,71.3 1 0
github.com/a1exfox/bookings/internal/render/render.go:73.2,73.29 1 1
github.com/a1exfox/bookings/internal/render/render.go:73.29,76.17 3 1
github.com/a1exfox/bookings/internal/render/render.go:76.17,78.4 1 0
github.com/a1exfox/bookings/internal/render/render.go:80.3,81.17 2 1
github.com/a1exfox/bookings/internal/render/render.go:81.17,83.4 1 0
github.com/a1exfox/bookings/internal/render/render.go:84.3,84.23 1 1
github.com/a1exfox/bookings/internal/render/render.go:84.23,86.18 2 1
github.com/a1exfox/bookings/internal/render/render.go:86.18,88.5 1 0
github.com/a1exfox/bookings/internal/render/render.go:90.3,90.21 1 1
github.com/a1exfox/bookings/internal/render/render.go:92.2,92.21 1 1
