mode: set
github.com/a1exfox/bookings/internal/handlers/handlers.go:21.47,25.2 1 1
github.com/a1exfox/bookings/internal/handlers/handlers.go:27.33,29.2 1 1
github.com/a1exfox/bookings/internal/handlers/handlers.go:31.67,35.2 3 1
github.com/a1exfox/bookings/internal/handlers/handlers.go:37.68,47.2 5 1
github.com/a1exfox/bookings/internal/handlers/handlers.go:49.74,58.2 4 1
github.com/a1exfox/bookings/internal/handlers/handlers.go:60.78,63.16 2 1
github.com/a1exfox/bookings/internal/handlers/handlers.go:63.16,66.3 2 0
github.com/a1exfox/bookings/internal/handlers/handlers.go:68.2,81.19 6 1
github.com/a1exfox/bookings/internal/handlers/handlers.go:81.19,90.3 4 0
github.com/a1exfox/bookings/internal/handlers/handlers.go:92.2,93.66 2 1
github.com/a1exfox/bookings/internal/handlers/handlers.go:96.71,98.2 1 1
github.com/a1exfox/bookings/internal/handlers/handlers.go:100.69,102.2 1 1
github.com/a1exfox/bookings/internal/handlers/handlers.go:104.75,106.2 1 1
github.com/a1exfox/bookings/internal/handlers/handlers.go:107.79,111.2 3 1
github.com/a1exfox/bookings/internal/handlers/handlers.go:118.79,124.16 3 1
github.com/a1exfox/bookings/internal/handlers/handlers.go:124.16,126.3 1 0
github.com/a1exfox/bookings/internal/handlers/handlers.go:128.2,130.14 3 1
github.com/a1exfox/bookings/internal/handlers/handlers.go:133.70,135.2 1 1
github.com/a1exfox/bookings/internal/handlers/handlers.go:137.81,139.9 2 1
github.com/a1exfox/bookings/internal/handlers/handlers.go:139.9,144.3 4 1
github.com/a1exfox/bookings/internal/handlers/handlers.go:146.2,153.4 4 0
